Determining if the pthread_create exist failed with the following output:
Change Dir: /home/jellyfish/programming/codes/projects/build20200225174205/CMakeFiles/CMakeTmp

Run Build Command:"/usr/bin/make" "cmTC_6555c/fast"
/usr/bin/make -f CMakeFiles/cmTC_6555c.dir/build.make CMakeFiles/cmTC_6555c.dir/build
make[1]: Entering directory '/home/jellyfish/programming/codes/projects/build20200225174205/CMakeFiles/CMakeTmp'
Building C object CMakeFiles/cmTC_6555c.dir/CheckSymbolExists.c.o
/usr/bin/cc     -o CMakeFiles/cmTC_6555c.dir/CheckSymbolExists.c.o   -c /home/jellyfish/programming/codes/projects/build20200225174205/CMakeFiles/CMakeTmp/CheckSymbolExists.c
Linking C executable cmTC_6555c
/usr/bin/cmake -E cmake_link_script CMakeFiles/cmTC_6555c.dir/link.txt --verbose=1
/usr/bin/cc       CMakeFiles/cmTC_6555c.dir/CheckSymbolExists.c.o  -o cmTC_6555c -rdynamic 
CMakeFiles/cmTC_6555c.dir/CheckSymbolExists.c.o: In function `main':
CheckSymbolExists.c:(.text+0x16): undefined reference to `pthread_create'
collect2: error: ld returned 1 exit status
CMakeFiles/cmTC_6555c.dir/build.make:97: recipe for target 'cmTC_6555c' failed
make[1]: *** [cmTC_6555c] Error 1
make[1]: Leaving directory '/home/jellyfish/programming/codes/projects/build20200225174205/CMakeFiles/CMakeTmp'
Makefile:126: recipe for target 'cmTC_6555c/fast' failed
make: *** [cmTC_6555c/fast] Error 2

File /home/jellyfish/programming/codes/projects/build20200225174205/CMakeFiles/CMakeTmp/CheckSymbolExists.c:
/* */
#include <pthread.h>

int main(int argc, char** argv)
{
  (void)argv;
#ifndef pthread_create
  return ((int*)(&pthread_create))[argc];
#else
  (void)argc;
  return 0;
#endif
}

Determining if the function pthread_create exists in the pthreads failed with the following output:
Change Dir: /home/jellyfish/programming/codes/projects/build20200225174205/CMakeFiles/CMakeTmp

Run Build Command:"/usr/bin/make" "cmTC_4519c/fast"
/usr/bin/make -f CMakeFiles/cmTC_4519c.dir/build.make CMakeFiles/cmTC_4519c.dir/build
make[1]: Entering directory '/home/jellyfish/programming/codes/projects/build20200225174205/CMakeFiles/CMakeTmp'
Building C object CMakeFiles/cmTC_4519c.dir/CheckFunctionExists.c.o
/usr/bin/cc    -DCHECK_FUNCTION_EXISTS=pthread_create   -o CMakeFiles/cmTC_4519c.dir/CheckFunctionExists.c.o   -c /usr/share/cmake-3.5/Modules/CheckFunctionExists.c
Linking C executable cmTC_4519c
/usr/bin/cmake -E cmake_link_script CMakeFiles/cmTC_4519c.dir/link.txt --verbose=1
/usr/bin/cc   -DCHECK_FUNCTION_EXISTS=pthread_create    CMakeFiles/cmTC_4519c.dir/CheckFunctionExists.c.o  -o cmTC_4519c -rdynamic -lpthreads 
/usr/bin/ld: cannot find -lpthreads
collect2: error: ld returned 1 exit status
CMakeFiles/cmTC_4519c.dir/build.make:97: recipe for target 'cmTC_4519c' failed
make[1]: *** [cmTC_4519c] Error 1
make[1]: Leaving directory '/home/jellyfish/programming/codes/projects/build20200225174205/CMakeFiles/CMakeTmp'
Makefile:126: recipe for target 'cmTC_4519c/fast' failed
make: *** [cmTC_4519c/fast] Error 2


